Arguments: 
  C:\Program Files\nodejs\node.exe C:\Users\charl\.node\corepack\yarn\1.22.15\bin\yarn.js add @web3-react/core

PATH: 
  C:\WINDOWS.X64_213000_db_home\bin;C:\Python310\Scripts\;C:\Python310\;C:\WINDOWS\system32;C:\WINDOWS;C:\WINDOWS\System32\Wbem;C:\WINDOWS\System32\WindowsPowerShell\v1.0\;C:\WINDOWS\System32\OpenSSH\;C:\Program Files\Git\cmd;C:\ProgramData\chocolatey\bin;C:\Program Files\PuTTY\;C:\Program Files\nodejs\;C:\Users\charl\AppData\Local\Microsoft\WindowsApps;;C:\Users\charl\AppData\Local\Programs\Microsoft VS Code\bin;C:\Program Files\PuTTY\;C:\Users\charl\AppData\Roaming\npm

Yarn version: 
  1.22.15

Node version: 
  16.13.2

Platform: 
  win32 x64

Trace: 
  Error: https://registry.yarnpkg.com/@fortawesome/free-solid-svg-icons/-/free-solid-svg-icons-6.1.1.tgz: ESOCKETTIMEDOUT
      at ClientRequest.<anonymous> (C:\Users\charl\.node\corepack\yarn\1.22.15\lib\cli.js:141512:19)
      at Object.onceWrapper (node:events:509:28)
      at ClientRequest.emit (node:events:390:28)
      at TLSSocket.emitRequestTimeout (node:_http_client:763:9)
      at Object.onceWrapper (node:events:509:28)
      at TLSSocket.emit (node:events:402:35)
      at TLSSocket.Socket._onTimeout (node:net:501:8)
      at listOnTimeout (node:internal/timers:557:17)
      at processTimers (node:internal/timers:500:7)

npm manifest: 
  {
    "name": "newminterapp",
    "version": "0.1.0",
    "private": true,
    "dependencies": {
      "@babel/preset-react": "^7.0.0",
      "@chakra-ui/react": "^1.8.7",
      "@emotion/react": "^11.9.0",
      "@emotion/styled": "^11.8.1",
      "@fortawesome/fontawesome-svg-core": "^6.1.1",
      "@fortawesome/free-brands-svg-icons": "^6.1.1",
      "@fortawesome/free-regular-svg-icons": "^6.1.1",
      "@fortawesome/free-solid-svg-icons": "^6.1.1",
      "@fortawesome/react-fontawesome": "^0.1.18",
      "@merc/react-timeline": "^0.1.42",
      "@metamask/detect-provider": "^1.2.0",
      "@openzeppelin/contracts": "^4.5.0",
      "@testing-library/jest-dom": "^5.16.4",
      "@testing-library/react": "^12.1.4",
      "@testing-library/user-event": "^13.5.0",
      "@types/react": "^17.0.37",
      "@types/react-dom": "^17.0.11",
      "@walletconnect/client": "^1.7.7",
      "@walletconnect/web3-provider": "^1.7.7",
      "assert": "^2.0.0",
      "autoprefixer": "^10.4.0",
      "bootstrap": "^5.1.3",
      "buffer": "^6.0.3",
      "core-js": "^3.0.0",
      "ethers": "^5.6.4",
      "file-loader": "^6.0.0",
      "framer-motion": "^6.2.9",
      "http-browserify": "^1.7.0",
      "https-browserify": "^1.0.0",
      "node-polyfill-webpack-plugin": "^1.1.4",
      "postcss-loader": "^6.2.1",
      "react": "^18.0.0",
      "react-bootstrap": "^2.2.3",
      "react-dom": "^18.0.0",
      "react-roadmap-progress": "^1.0.5",
      "react-scripts": "5.0.0",
      "regenerator-runtime": "^0.13.2",
      "stream": "^0.0.2",
      "styled-components": "^5.3.5",
      "web-vitals": "^2.1.4",
      "web3": "^1.7.3",
      "webpack-notifier": "^1.15.0"
    },
    "scripts": {
      "start": "react-scripts start",
      "build": "react-scripts build",
      "test": "react-scripts test",
      "eject": "react-scripts eject"
    },
    "eslintConfig": {
      "extends": [
        "react-app",
        "react-app/jest"
      ]
    },
    "browserslist": {
      "production": [
        ">0.2%",
        "not dead",
        "not op_mini all"
      ],
      "development": [
        "last 1 chrome version",
        "last 1 firefox version",
        "last 1 safari version"
      ]
    },
    "devDependencies": {
      "@nomiclabs/hardhat-etherscan": "^3.0.3",
      "@nomiclabs/hardhat-waffle": "^2.0.3",
      "dotenv": "^16.0.0",
      "hardhat": "^2.9.3",
      "tailwindcss": "^3.0.23"
    }
  }

yarn manifest: 
  No manifest

Lockfile: 
  No lockfile
